C51 COMPILER V9.60.0.0   AWEFWAEF                                                          11/17/2020 18:33:06 PAGE 1   


C51 COMPILER V9.60.0.0, COMPILATION OF MODULE AWEFWAEF
OBJECT MODULE PLACED IN .\Objects\awefwaef.obj
COMPILER INVOKED BY: D:\software\Keil5\C51\BIN\C51.EXE awefwaef.c OPTIMIZE(8,SPEED) BROWSE DEBUG OBJECTEXTEND PRINT(.\Li
                    -stings\awefwaef.lst) TABS(2) OBJECT(.\Objects\awefwaef.obj)

line level    source

   1              #include <reg52.h>
   2              #include <intrins.h>
   3              #define uchar unsigned char
   4              #define uint unsigned int
   5              #define  LcdData P0
   6              sbit RS=P2^6; //并行的指令/数据选择信号, H数据, L命令
   7              sbit RW=P2^5; //并行读写选择信号, H读, L写
   8              sbit E=P2^7; //并行使能端, H有效, L无效
   9              sbit PSB=P3^2; //并/串接口选择, H并,L串
  10              sbit RET=P3^4; //复位, L有效
  11              uchar v=16;
  12              /*************************************
  13              想LCD中写入指令代码
  14              **************************************/
  15              void Lcd_WriteCmd(unsigned char CmdCode)
  16              {  
  17   1           
  18   1             
  19   1          
  20   1           RS=0;
  21   1                  RW=0;
  22   1                  E=0;
  23   1                  _nop_();  
  24   1               _nop_();
  25   1                  LcdData=CmdCode;
  26   1                  _nop_(); 
  27   1               _nop_();
  28   1                  E=1;
  29   1                  _nop_();  
  30   1               _nop_();
  31   1                  E=0;
  32   1              }
  33                  /*延时函数*/
  34                  void delayms(uint x)
  35                  {
  36   1               uint i,j;
  37   1               for(i=x;i>0;i--)
  38   1                 for(j=110;j>0;j--);
  39   1              }
  40                  /*********************************
  41                  向LCD写入字节数据
  42                  **********************************/
  43                  void Lcd_WriteData(unsigned char Data)
  44                  {  
  45   1               
  46   1               RS=1;
  47   1               RW=0;
  48   1               E=0;
  49   1             
  50   1      
  51   1        _nop_();  
  52   1           _nop_(); 
  53   1           LcdData=Data;
  54   1           E=1;
C51 COMPILER V9.60.0.0   AWEFWAEF                                                          11/17/2020 18:33:06 PAGE 2   

  55   1           _nop_();
  56   1           _nop_();
  57   1           E=0;
  58   1          }
  59              /*************************************
  60              向LCD指定起始位置写入一个字符串
  61              *************************************/
  62              void Lcd_WriteStr(unsigned char x,unsigned char y,unsigned char *Str)
  63              {
  64   1           if((y>3)||(x>7))
  65   1            return;//如果指定位置不在显示区域内，则不做任何写入直接返回
  66   1           
  67   1           switch(y)
  68   1           {
  69   2            case 0:
  70   2              Lcd_WriteCmd(0x80+x);
  71   2              break;
  72   2            case 1:
  73   2              Lcd_WriteCmd(0x90+x);
  74   2              break;    
  75   2            case 2:
  76   2              Lcd_WriteCmd(0x88+x);
  77   2              break;
  78   2            case 3:
  79   2              Lcd_WriteCmd(0x98+x);
  80   2              break;
  81   2           }
  82   1           while(*Str>0)
  83   1           {  
  84   2            Lcd_WriteData(*Str);
  85   2              Str++;     
  86   2           }
  87   1           
  88   1          }
  89              /****************************************
  90              LCD初始化
  91              *****************************************/
  92              void Lcd_Reset()
  93              {  
  94   1           PSB=1;
  95   1           Lcd_WriteCmd(0x30); //选择基本指令集
  96   1           delayms(5);
  97   1           Lcd_WriteCmd(0x0c);       //开显示(无游标、不反白)
  98   1           delayms(5);
  99   1           Lcd_WriteCmd(0x01);       //清除显示，并且设定地址指针为00H
 100   1           delayms(5);
 101   1          }
 102              void main()
 103              {
 104   1           Lcd_Reset();
 105   1           Lcd_WriteStr(0,0,"当前转速 每秒");
 106   1      
 107   1      
 108   1              delayms(200);
 109   1          //    Lcd_WriteCmd(0x01);  
 110   1          }


MODULE INFORMATION:   STATIC OVERLAYABLE
   CODE SIZE        =    202    ----
   CONSTANT SIZE    =     14    ----
   XDATA SIZE       =   ----    ----
C51 COMPILER V9.60.0.0   AWEFWAEF                                                          11/17/2020 18:33:06 PAGE 3   

   PDATA SIZE       =   ----    ----
   DATA SIZE        =      1    ----
   IDATA SIZE       =   ----    ----
   BIT SIZE         =   ----    ----
END OF MODULE INFORMATION.


C51 COMPILATION COMPLETE.  0 WARNING(S),  0 ERROR(S)
